Using pre-set license
Built from '2021.3/staging' branch; Version is '2021.3.10f1 (1c7d0df0160b) revision 1867021'; Using compiler version '192829333'; Build Type 'Release'
OS: 'Windows 10  (10.0.19044) 64bit Professional' Language: 'en' Physical Memory: 16349 MB
BatchMode: 1, IsHumanControllingUs: 0, StartBugReporterOnCrash: 0, Is64bit: 1, IsPro: 1

COMMAND LINE ARGUMENTS:
C:\Program Files\Unity\Hub\Editor\2021.3.10f1\Editor\Unity.exe
-adb2
-batchMode
-noUpm
-name
AssetImportWorker4
-projectPath
C:/Users/aaron/Documents/GitHub/Multiplayer-Gun-Game/Multiplayer Gun Game
-logFile
Logs/AssetImportWorker4.log
-srvPort
50367
Successfully changed project path to: C:/Users/aaron/Documents/GitHub/Multiplayer-Gun-Game/Multiplayer Gun Game
C:/Users/aaron/Documents/GitHub/Multiplayer-Gun-Game/Multiplayer Gun Game
[UnityMemory] Configuration Parameters - Can be set up in boot.config
    "memorysetup-bucket-allocator-granularity=16"
    "memorysetup-bucket-allocator-bucket-count=8"
    "memorysetup-bucket-allocator-block-size=33554432"
    "memorysetup-bucket-allocator-block-count=8"
    "memorysetup-main-allocator-block-size=16777216"
    "memorysetup-thread-allocator-block-size=16777216"
    "memorysetup-gfx-main-allocator-block-size=16777216"
    "memorysetup-gfx-thread-allocator-block-size=16777216"
    "memorysetup-cache-allocator-block-size=4194304"
    "memorysetup-typetree-allocator-block-size=2097152"
    "memorysetup-profiler-bucket-allocator-granularity=16"
    "memorysetup-profiler-bucket-allocator-bucket-count=8"
    "memorysetup-profiler-bucket-allocator-block-size=33554432"
    "memorysetup-profiler-bucket-allocator-block-count=8"
    "memorysetup-profiler-allocator-block-size=16777216"
    "memorysetup-profiler-editor-allocator-block-size=1048576"
    "memorysetup-temp-allocator-size-main=16777216"
    "memorysetup-job-temp-allocator-block-size=2097152"
    "memorysetup-job-temp-allocator-block-size-background=1048576"
    "memorysetup-job-temp-allocator-reduction-small-platforms=262144"
    "memorysetup-temp-allocator-size-background-worker=32768"
    "memorysetup-temp-allocator-size-job-worker=262144"
    "memorysetup-temp-allocator-size-preload-manager=33554432"
    "memorysetup-temp-allocator-size-nav-mesh-worker=65536"
    "memorysetup-temp-allocator-size-audio-worker=65536"
    "memorysetup-temp-allocator-size-cloud-worker=32768"
    "memorysetup-temp-allocator-size-gi-baking-worker=262144"
    "memorysetup-temp-allocator-size-gfx=262144"
Refreshing native plugins compatible for Editor in 221.84 ms, found 4 plugins.
Preloading 0 native plugins for Editor in 0.00 ms.
Initialize engine version: 2021.3.10f1 (1c7d0df0160b)
[Subsystems] Discovering subsystems at path C:/Program Files/Unity/Hub/Editor/2021.3.10f1/Editor/Data/Resources/UnitySubsystems
[Subsystems] Discovering subsystems at path C:/Users/aaron/Documents/GitHub/Multiplayer-Gun-Game/Multiplayer Gun Game/Assets
GfxDevice: creating device client; threaded=0; jobified=0
Direct3D:
    Version:  Direct3D 11.0 [level 11.1]
    Renderer: Radeon (TM) RX 480 Graphics (ID=0x67df)
    Vendor:   ATI
    VRAM:     8170 MB
    Driver:   31.0.12027.7000
Initialize mono
Mono path[0] = 'C:/Program Files/Unity/Hub/Editor/2021.3.10f1/Editor/Data/Managed'
Mono path[1] = 'C:/Program Files/Unity/Hub/Editor/2021.3.10f1/Editor/Data/MonoBleedingEdge/lib/mono/unityjit-win32'
Mono config path = 'C:/Program Files/Unity/Hub/Editor/2021.3.10f1/Editor/Data/MonoBleedingEdge/etc'
Using monoOptions --debugger-agent=transport=dt_socket,embedding=1,server=y,suspend=n,address=127.0.0.1:56192
Begin MonoManager ReloadAssembly
Registering precompiled unity dll's ...
Register platform support module: C:/Program Files/Unity/Hub/Editor/2021.3.10f1/Editor/Data/PlaybackEngines/WebGLSupport/UnityEditor.WebGL.Extensions.dll
Register platform support module: C:/Program Files/Unity/Hub/Editor/2021.3.10f1/Editor/Data/PlaybackEngines/WindowsStandaloneSupport/UnityEditor.WindowsStandalone.Extensions.dll
Registered in 0.023296 seconds.
Native extension for WindowsStandalone target not found
Native extension for WebGL target not found
Refreshing native plugins compatible for Editor in 264.80 ms, found 4 plugins.
Preloading 0 native plugins for Editor in 0.00 ms.
Mono: successfully reloaded assembly
- Completed reload, in  1.347 seconds
Domain Reload Profiling:
	ReloadAssembly (1347ms)
		BeginReloadAssembly (123ms)
			ExecutionOrderSort (0ms)
			DisableScriptedObjects (0ms)
			BackupInstance (0ms)
			ReleaseScriptingObjects (0ms)
			CreateAndSetChildDomain (1ms)
		EndReloadAssembly (1000ms)
			LoadAssemblies (119ms)
			RebuildTransferFunctionScriptingTraits (0ms)
			SetupTypeCache (239ms)
			ReleaseScriptCaches (0ms)
			RebuildScriptCaches (56ms)
			SetupLoadedEditorAssemblies (604ms)
				LogAssemblyErrors (0ms)
				InitializePlatformSupportModulesInManaged (18ms)
				SetLoadedEditorAssemblies (0ms)
				RefreshPlugins (265ms)
				BeforeProcessingInitializeOnLoad (2ms)
				ProcessInitializeOnLoadAttributes (241ms)
				ProcessInitializeOnLoadMethodAttributes (77ms)
				AfterProcessingInitializeOnLoad (0ms)
				EditorAssembliesLoaded (0ms)
			ExecutionOrderSort2 (0ms)
			AwakeInstancesAfterBackupRestoration (0ms)
Platform modules already initialized, skipping
Registering precompiled user dll's ...
Registered in 0.023062 seconds.
Begin MonoManager ReloadAssembly
Symbol file LoadedFromMemory doesn't match image C:\Users\aaron\Documents\GitHub\Multiplayer-Gun-Game\Multiplayer Gun Game\Library\PackageCache\com.unity.visualscripting@1.7.8\Editor\VisualScripting.Core\Dependencies\YamlDotNet\Unity.VisualScripting.YamlDotNet.dll
Symbol file LoadedFromMemory doesn't match image C:\Users\aaron\Documents\GitHub\Multiplayer-Gun-Game\Multiplayer Gun Game\Library\PackageCache\com.unity.visualscripting@1.7.8\Editor\VisualScripting.Core\Dependencies\DotNetZip\Unity.VisualScripting.IonicZip.dll
Native extension for WindowsStandalone target not found
Native extension for WebGL target not found
Refreshing native plugins compatible for Editor in 211.05 ms, found 4 plugins.
Preloading 0 native plugins for Editor in 0.00 ms.
Mirror | mirror-networking.com | discord.gg/N9QVxbM
UnityEngine.StackTraceUtility:ExtractStackTrace ()
UnityEngine.DebugLogHandler:LogFormat (UnityEngine.LogType,UnityEngine.Object,string,object[])
UnityEngine.Logger:Log (UnityEngine.LogType,object)
UnityEngine.Debug:Log (object)
Mirror.Welcome:OnInitializeOnLoad () (at Assets/Mirror/Editor/Welcome.cs:18)
System.Reflection.RuntimeMethodInfo:Invoke (object,System.Reflection.BindingFlags,System.Reflection.Binder,object[],System.Globalization.CultureInfo)
System.Reflection.MethodBase:Invoke (object,object[])
UnityEditor.EditorAssemblies:ProcessInitializeOnLoadMethodAttributes ()

(Filename: Assets/Mirror/Editor/Welcome.cs Line: 18)

Mono: successfully reloaded assembly
- Completed reload, in  2.522 seconds
Domain Reload Profiling:
	ReloadAssembly (2524ms)
		BeginReloadAssembly (178ms)
			ExecutionOrderSort (0ms)
			DisableScriptedObjects (8ms)
			BackupInstance (0ms)
			ReleaseScriptingObjects (0ms)
			CreateAndSetChildDomain (28ms)
		EndReloadAssembly (2146ms)
			LoadAssemblies (172ms)
			RebuildTransferFunctionScriptingTraits (0ms)
			SetupTypeCache (604ms)
			ReleaseScriptCaches (1ms)
			RebuildScriptCaches (154ms)
			SetupLoadedEditorAssemblies (1152ms)
				LogAssemblyErrors (0ms)
				InitializePlatformSupportModulesInManaged (12ms)
				SetLoadedEditorAssemblies (0ms)
				RefreshPlugins (211ms)
				BeforeProcessingInitializeOnLoad (212ms)
				ProcessInitializeOnLoadAttributes (471ms)
				ProcessInitializeOnLoadMethodAttributes (226ms)
				AfterProcessingInitializeOnLoad (19ms)
				EditorAssembliesLoaded (0ms)
			ExecutionOrderSort2 (0ms)
			AwakeInstancesAfterBackupRestoration (9ms)
Platform modules already initialized, skipping
========================================================================
Worker process is ready to serve import requests
Launched and connected shader compiler UnityShaderCompiler.exe after 0.06 seconds
Refreshing native plugins compatible for Editor in 1.76 ms, found 4 plugins.
Preloading 0 native plugins for Editor in 0.00 ms.
Unloading 6731 Unused Serialized files (Serialized files now loaded: 0)
Unloading 64 unused Assets / (3.8 MB). Loaded Objects now: 7171.
Memory consumption went from 296.2 MB to 292.4 MB.
Total: 6.743000 ms (FindLiveObjects: 0.718800 ms CreateObjectMapping: 0.337800 ms MarkObjects: 4.413000 ms  DeleteObjects: 1.271700 ms)

AssetImportParameters requested are different than current active one (requested -> active):
  custom:video-decoder-ogg-theora: a1e56fd34408186e4bbccfd4996cb3dc -> 
  custom:container-muxer-webm: aa71ff27fc2769a1b78a27578f13a17b -> 
  custom:container-demuxer-webm: 4f35f7cbe854078d1ac9338744f61a02 -> 
  custom:video-encoder-webm-vp8: eb34c28f22e8b96e1ab97ce403110664 -> 
  custom:audio-encoder-webm-vorbis: bf7c407c2cedff20999df2af8eb42d56 -> 
  custom:framework-win-MediaFoundation: 216162199b28c13a410421893ffa2e32 -> 
  custom:container-demuxer-ogg: 62fdf1f143b41e24485cea50d1cbac27 -> 
  custom:video-decoder-webm-vp8: 9c59270c3fd7afecdb556c50c9e8de78 -> 
  custom:audio-decoder-ogg-vorbis: bf7c407c2cedff20999df2af8eb42d56 -> 
========================================================================
Received Import Request.
  Time since last request: 4109.231614 seconds.
  path: Assets/Art
  artifactKey: Guid(32b01ccf8fcf40d42bcb41a3c7d759d1) Importer(815301076,1909f56bfc062723c751e8b465ee728b)
Start importing Assets/Art using Guid(32b01ccf8fcf40d42bcb41a3c7d759d1) Importer(815301076,1909f56bfc062723c751e8b465ee728b)  -> (artifact id: '110cce73617763e88e40d81ccbef34f0') in 0.027489 seconds 
========================================================================
Received Import Request.
  Time since last request: 4.637842 seconds.
  path: Assets/Art/New Material 4.mat
  artifactKey: Guid(6374c30898f9928439fab8089537c906) Importer(815301076,1909f56bfc062723c751e8b465ee728b)
Start importing Assets/Art/New Material 4.mat using Guid(6374c30898f9928439fab8089537c906) Importer(815301076,1909f56bfc062723c751e8b465ee728b)  -> (artifact id: 'c727561f1563874cfe2f897c63f6e7ed') in 3.003265 seconds 
========================================================================
Received Import Request.
  Time since last request: 36.098704 seconds.
  path: Assets/Art/New Material 4.mat
  artifactKey: Guid(6374c30898f9928439fab8089537c906) Importer(815301076,1909f56bfc062723c751e8b465ee728b)
Start importing Assets/Art/New Material 4.mat using Guid(6374c30898f9928439fab8089537c906) Importer(815301076,1909f56bfc062723c751e8b465ee728b)  -> (artifact id: 'dd8a9c5744e54cc1da14681fa89a060e') in 0.030082 seconds 
========================================================================
Received Import Request.
  Time since last request: 22.691962 seconds.
  path: Assets/Prefabs/Palit.prefab
  artifactKey: Guid(8270cfec390650642a97e63ca43d16b4) Importer(815301076,1909f56bfc062723c751e8b465ee728b)
Start importing Assets/Prefabs/Palit.prefab using Guid(8270cfec390650642a97e63ca43d16b4) Importer(815301076,1909f56bfc062723c751e8b465ee728b)  -> (artifact id: 'f8e5a1732b100459567251eac8cb0c03') in 0.047667 seconds 
========================================================================
Received Import Request.
  Time since last request: 10.032581 seconds.
  path: Assets/Prefabs/Ladder.prefab
  artifactKey: Guid(49181df26c4761f47a08a91135071183) Importer(815301076,1909f56bfc062723c751e8b465ee728b)
Start importing Assets/Prefabs/Ladder.prefab using Guid(49181df26c4761f47a08a91135071183) Importer(815301076,1909f56bfc062723c751e8b465ee728b)  -> (artifact id: 'fe4a9b37c5c836aa72896171d6fb4086') in 0.027841 seconds 
========================================================================
Received Import Request.
  Time since last request: 23.105474 seconds.
  path: Assets/Prefabs/BasketBall Luncher.prefab
  artifactKey: Guid(1122c319be8ee8d4fa01a1113944ec90) Importer(815301076,1909f56bfc062723c751e8b465ee728b)
Start importing Assets/Prefabs/BasketBall Luncher.prefab using Guid(1122c319be8ee8d4fa01a1113944ec90) Importer(815301076,1909f56bfc062723c751e8b465ee728b)  -> (artifact id: '2b5d92a3396fba4e1fd32e44c146c122') in 0.119478 seconds 
========================================================================
Received Import Request.
  Time since last request: 22.535745 seconds.
  path: Assets/Prefabs/Barrel.prefab
  artifactKey: Guid(d64e4646920c2e5498f1c65946cb6386) Importer(815301076,1909f56bfc062723c751e8b465ee728b)
Start importing Assets/Prefabs/Barrel.prefab using Guid(d64e4646920c2e5498f1c65946cb6386) Importer(815301076,1909f56bfc062723c751e8b465ee728b)  -> (artifact id: '2658515d4c745de298c478fb2c273804') in 0.033549 seconds 
========================================================================
Received Import Request.
  Time since last request: 34.377273 seconds.
  path: Assets/Prefabs/SandBigDoor.prefab
  artifactKey: Guid(12b211785d867ac429d353c293d4cd47) Importer(815301076,1909f56bfc062723c751e8b465ee728b)
Start importing Assets/Prefabs/SandBigDoor.prefab using Guid(12b211785d867ac429d353c293d4cd47) Importer(815301076,1909f56bfc062723c751e8b465ee728b)  -> (artifact id: '6babcb8f1a161be07c7bede56b48b45c') in 0.026758 seconds 
========================================================================
Received Import Request.
  Time since last request: 11.099463 seconds.
  path: Assets/Prefabs/SandBigWindow.prefab
  artifactKey: Guid(86eade248662f524887e8a969e794dc5) Importer(815301076,1909f56bfc062723c751e8b465ee728b)
Start importing Assets/Prefabs/SandBigWindow.prefab using Guid(86eade248662f524887e8a969e794dc5) Importer(815301076,1909f56bfc062723c751e8b465ee728b)  -> (artifact id: '493b2f35a1bf5da521ca99762a1851d8') in 0.031809 seconds 
========================================================================
Received Import Request.
  Time since last request: 9.174955 seconds.
  path: Assets/Prefabs/SandSmallDoor.prefab
  artifactKey: Guid(a1224a624ab2a8944a61f6829224a9a8) Importer(815301076,1909f56bfc062723c751e8b465ee728b)
Start importing Assets/Prefabs/SandSmallDoor.prefab using Guid(a1224a624ab2a8944a61f6829224a9a8) Importer(815301076,1909f56bfc062723c751e8b465ee728b)  -> (artifact id: 'f448f533dc4135e4225a4e11e050e80a') in 0.027721 seconds 
========================================================================
Received Import Request.
  Time since last request: 10.417609 seconds.
  path: Assets/Prefabs/SandSmallWindow.prefab
  artifactKey: Guid(67fafc15c9903d646ae121fbb541b6f5) Importer(815301076,1909f56bfc062723c751e8b465ee728b)
Start importing Assets/Prefabs/SandSmallWindow.prefab using Guid(67fafc15c9903d646ae121fbb541b6f5) Importer(815301076,1909f56bfc062723c751e8b465ee728b)  -> (artifact id: 'f3eab25036319b56a4adcce4f666f3cd') in 0.027960 seconds 
========================================================================
Received Import Request.
  Time since last request: 8.915071 seconds.
  path: Assets/Prefabs/SandWall.prefab
  artifactKey: Guid(9d5b6f81b19c31f4ebcec555e76251bb) Importer(815301076,1909f56bfc062723c751e8b465ee728b)
Start importing Assets/Prefabs/SandWall.prefab using Guid(9d5b6f81b19c31f4ebcec555e76251bb) Importer(815301076,1909f56bfc062723c751e8b465ee728b)  -> (artifact id: '77c8208219aac71af7f99e0a081b302d') in 0.027180 seconds 
========================================================================
Received Import Request.
  Time since last request: 13.299521 seconds.
  path: Assets/Prefabs/SandWallCorner.prefab
  artifactKey: Guid(3002ce6ce3c2fe440a1b9166c37b5d8e) Importer(815301076,1909f56bfc062723c751e8b465ee728b)
Start importing Assets/Prefabs/SandWallCorner.prefab using Guid(3002ce6ce3c2fe440a1b9166c37b5d8e) Importer(815301076,1909f56bfc062723c751e8b465ee728b)  -> (artifact id: '5a68ba95027c8335f6f1d72a0325e6ba') in 0.029441 seconds 
========================================================================
Received Import Request.
  Time since last request: 90.487485 seconds.
  path: Assets/Scenes/MainMenu.unity
  artifactKey: Guid(8124e5870f4fd4c779e7a5f994e84ad1) Importer(815301076,1909f56bfc062723c751e8b465ee728b)
Start importing Assets/Scenes/MainMenu.unity using Guid(8124e5870f4fd4c779e7a5f994e84ad1) Importer(815301076,1909f56bfc062723c751e8b465ee728b)  -> (artifact id: 'fd234074173256b21485553c0ed2ed0f') in 0.010988 seconds 
========================================================================
Received Prepare
Registering precompiled user dll's ...
Registered in 0.022785 seconds.
Begin MonoManager ReloadAssembly
Symbol file LoadedFromMemory doesn't match image C:\Users\aaron\Documents\GitHub\Multiplayer-Gun-Game\Multiplayer Gun Game\Library\PackageCache\com.unity.visualscripting@1.7.8\Editor\VisualScripting.Core\Dependencies\YamlDotNet\Unity.VisualScripting.YamlDotNet.dll
Symbol file LoadedFromMemory doesn't match image C:\Users\aaron\Documents\GitHub\Multiplayer-Gun-Game\Multiplayer Gun Game\Library\PackageCache\com.unity.visualscripting@1.7.8\Editor\VisualScripting.Core\Dependencies\DotNetZip\Unity.VisualScripting.IonicZip.dll
Native extension for WindowsStandalone target not found
Native extension for WebGL target not found
Refreshing native plugins compatible for Editor in 2.03 ms, found 4 plugins.
Preloading 0 native plugins for Editor in 0.00 ms.
Mono: successfully reloaded assembly
- Completed reload, in  2.520 seconds
Domain Reload Profiling:
	ReloadAssembly (2521ms)
		BeginReloadAssembly (355ms)
			ExecutionOrderSort (0ms)
			DisableScriptedObjects (57ms)
			BackupInstance (0ms)
			ReleaseScriptingObjects (0ms)
			CreateAndSetChildDomain (104ms)
		EndReloadAssembly (1973ms)
			LoadAssemblies (193ms)
			RebuildTransferFunctionScriptingTraits (0ms)
			SetupTypeCache (649ms)
			ReleaseScriptCaches (4ms)
			RebuildScriptCaches (125ms)
			SetupLoadedEditorAssemblies (789ms)
				LogAssemblyErrors (0ms)
				InitializePlatformSupportModulesInManaged (26ms)
				SetLoadedEditorAssemblies (1ms)
				RefreshPlugins (2ms)
				BeforeProcessingInitializeOnLoad (193ms)
				ProcessInitializeOnLoadAttributes (476ms)
				ProcessInitializeOnLoadMethodAttributes (70ms)
				AfterProcessingInitializeOnLoad (22ms)
				EditorAssembliesLoaded (1ms)
			ExecutionOrderSort2 (0ms)
			AwakeInstancesAfterBackupRestoration (25ms)
Platform modules already initialized, skipping
Refreshing native plugins compatible for Editor in 6.85 ms, found 4 plugins.
Preloading 0 native plugins for Editor in 0.00 ms.
Unloading 6412 Unused Serialized files (Serialized files now loaded: 0)
Unloading 57 unused Assets / (3.7 MB). Loaded Objects now: 7326.
Memory consumption went from 286.0 MB to 282.2 MB.
Total: 7.421300 ms (FindLiveObjects: 0.701500 ms CreateObjectMapping: 0.373800 ms MarkObjects: 4.968700 ms  DeleteObjects: 1.375100 ms)

AssetImportParameters requested are different than current active one (requested -> active):
  custom:video-decoder-ogg-theora: a1e56fd34408186e4bbccfd4996cb3dc -> 
  custom:container-muxer-webm: aa71ff27fc2769a1b78a27578f13a17b -> 
  custom:container-demuxer-webm: 4f35f7cbe854078d1ac9338744f61a02 -> 
  custom:video-encoder-webm-vp8: eb34c28f22e8b96e1ab97ce403110664 -> 
  custom:audio-encoder-webm-vorbis: bf7c407c2cedff20999df2af8eb42d56 -> 
  custom:framework-win-MediaFoundation: 216162199b28c13a410421893ffa2e32 -> 
  custom:container-demuxer-ogg: 62fdf1f143b41e24485cea50d1cbac27 -> 
  custom:video-decoder-webm-vp8: 9c59270c3fd7afecdb556c50c9e8de78 -> 
  custom:audio-decoder-ogg-vorbis: bf7c407c2cedff20999df2af8eb42d56 -> 
========================================================================
Received Import Request.
  Time since last request: 90.358840 seconds.
  path: Assets/Scripts/PlayerObjectController.cs
  artifactKey: Guid(c04720b6b45d41a48bf677f7097293ba) Importer(815301076,1909f56bfc062723c751e8b465ee728b)
Start importing Assets/Scripts/PlayerObjectController.cs using Guid(c04720b6b45d41a48bf677f7097293ba) Importer(815301076,1909f56bfc062723c751e8b465ee728b)  -> (artifact id: 'a78b3a7992bdba247ffe4c235805c01e') in 0.031374 seconds 
========================================================================
Received Import Request.
  Time since last request: 22.589108 seconds.
  path: Assets/Scripts/PM.cs
  artifactKey: Guid(3ebb10692050ffa4abe316359f443d10) Importer(815301076,1909f56bfc062723c751e8b465ee728b)
Start importing Assets/Scripts/PM.cs using Guid(3ebb10692050ffa4abe316359f443d10) Importer(815301076,1909f56bfc062723c751e8b465ee728b)  -> (artifact id: 'd50c2270572ce18cd2b2365c59f0ef4f') in 0.010199 seconds 
========================================================================
Received Import Request.
  Time since last request: 102.766855 seconds.
  path: Assets/Scripts/PM.cs
  artifactKey: Guid(3ebb10692050ffa4abe316359f443d10) Importer(815301076,1909f56bfc062723c751e8b465ee728b)
Start importing Assets/Scripts/PM.cs using Guid(3ebb10692050ffa4abe316359f443d10) Importer(815301076,1909f56bfc062723c751e8b465ee728b)  -> (artifact id: '7f7e6129ef57796de0f192022064ded8') in 0.003827 seconds 
========================================================================
Received Prepare
Registering precompiled user dll's ...
Registered in 0.020797 seconds.
Begin MonoManager ReloadAssembly
Symbol file LoadedFromMemory doesn't match image C:\Users\aaron\Documents\GitHub\Multiplayer-Gun-Game\Multiplayer Gun Game\Library\PackageCache\com.unity.visualscripting@1.7.8\Editor\VisualScripting.Core\Dependencies\YamlDotNet\Unity.VisualScripting.YamlDotNet.dll
Symbol file LoadedFromMemory doesn't match image C:\Users\aaron\Documents\GitHub\Multiplayer-Gun-Game\Multiplayer Gun Game\Library\PackageCache\com.unity.visualscripting@1.7.8\Editor\VisualScripting.Core\Dependencies\DotNetZip\Unity.VisualScripting.IonicZip.dll
Native extension for WindowsStandalone target not found
Native extension for WebGL target not found
Refreshing native plugins compatible for Editor in 1.70 ms, found 4 plugins.
Preloading 0 native plugins for Editor in 0.00 ms.
Mono: successfully reloaded assembly
- Completed reload, in  2.279 seconds
Domain Reload Profiling:
	ReloadAssembly (2280ms)
		BeginReloadAssembly (271ms)
			ExecutionOrderSort (0ms)
			DisableScriptedObjects (9ms)
			BackupInstance (0ms)
			ReleaseScriptingObjects (0ms)
			CreateAndSetChildDomain (85ms)
		EndReloadAssembly (1816ms)
			LoadAssemblies (190ms)
			RebuildTransferFunctionScriptingTraits (0ms)
			SetupTypeCache (608ms)
			ReleaseScriptCaches (3ms)
			RebuildScriptCaches (118ms)
			SetupLoadedEditorAssemblies (712ms)
				LogAssemblyErrors (0ms)
				InitializePlatformSupportModulesInManaged (22ms)
				SetLoadedEditorAssemblies (1ms)
				RefreshPlugins (2ms)
				BeforeProcessingInitializeOnLoad (177ms)
				ProcessInitializeOnLoadAttributes (420ms)
				ProcessInitializeOnLoadMethodAttributes (63ms)
				AfterProcessingInitializeOnLoad (27ms)
				EditorAssembliesLoaded (0ms)
			ExecutionOrderSort2 (0ms)
			AwakeInstancesAfterBackupRestoration (24ms)
Platform modules already initialized, skipping
Refreshing native plugins compatible for Editor in 5.85 ms, found 4 plugins.
Preloading 0 native plugins for Editor in 0.00 ms.
Unloading 6413 Unused Serialized files (Serialized files now loaded: 0)
Unloading 57 unused Assets / (3.7 MB). Loaded Objects now: 7329.
Memory consumption went from 285.9 MB to 282.2 MB.
Total: 6.791600 ms (FindLiveObjects: 0.700600 ms CreateObjectMapping: 0.358300 ms MarkObjects: 4.426500 ms  DeleteObjects: 1.304700 ms)

AssetImportParameters requested are different than current active one (requested -> active):
  custom:video-decoder-ogg-theora: a1e56fd34408186e4bbccfd4996cb3dc -> 
  custom:container-muxer-webm: aa71ff27fc2769a1b78a27578f13a17b -> 
  custom:container-demuxer-webm: 4f35f7cbe854078d1ac9338744f61a02 -> 
  custom:video-encoder-webm-vp8: eb34c28f22e8b96e1ab97ce403110664 -> 
  custom:audio-encoder-webm-vorbis: bf7c407c2cedff20999df2af8eb42d56 -> 
  custom:framework-win-MediaFoundation: 216162199b28c13a410421893ffa2e32 -> 
  custom:container-demuxer-ogg: 62fdf1f143b41e24485cea50d1cbac27 -> 
  custom:video-decoder-webm-vp8: 9c59270c3fd7afecdb556c50c9e8de78 -> 
  custom:audio-decoder-ogg-vorbis: bf7c407c2cedff20999df2af8eb42d56 -> 
========================================================================
Received Prepare
Registering precompiled user dll's ...
Registered in 0.022463 seconds.
Begin MonoManager ReloadAssembly
Symbol file LoadedFromMemory doesn't match image C:\Users\aaron\Documents\GitHub\Multiplayer-Gun-Game\Multiplayer Gun Game\Library\PackageCache\com.unity.visualscripting@1.7.8\Editor\VisualScripting.Core\Dependencies\YamlDotNet\Unity.VisualScripting.YamlDotNet.dll
Symbol file LoadedFromMemory doesn't match image C:\Users\aaron\Documents\GitHub\Multiplayer-Gun-Game\Multiplayer Gun Game\Library\PackageCache\com.unity.visualscripting@1.7.8\Editor\VisualScripting.Core\Dependencies\DotNetZip\Unity.VisualScripting.IonicZip.dll
Native extension for WindowsStandalone target not found
Native extension for WebGL target not found
Refreshing native plugins compatible for Editor in 1.63 ms, found 4 plugins.
Preloading 0 native plugins for Editor in 0.00 ms.
Mono: successfully reloaded assembly
- Completed reload, in  2.287 seconds
Domain Reload Profiling:
	ReloadAssembly (2288ms)
		BeginReloadAssembly (274ms)
			ExecutionOrderSort (0ms)
			DisableScriptedObjects (9ms)
			BackupInstance (0ms)
			ReleaseScriptingObjects (0ms)
			CreateAndSetChildDomain (89ms)
		EndReloadAssembly (1821ms)
			LoadAssemblies (186ms)
			RebuildTransferFunctionScriptingTraits (0ms)
			SetupTypeCache (612ms)
			ReleaseScriptCaches (4ms)
			RebuildScriptCaches (108ms)
			SetupLoadedEditorAssemblies (724ms)
				LogAssemblyErrors (0ms)
				InitializePlatformSupportModulesInManaged (22ms)
				SetLoadedEditorAssemblies (1ms)
				RefreshPlugins (2ms)
				BeforeProcessingInitializeOnLoad (181ms)
				ProcessInitializeOnLoadAttributes (429ms)
				ProcessInitializeOnLoadMethodAttributes (67ms)
				AfterProcessingInitializeOnLoad (21ms)
				EditorAssembliesLoaded (0ms)
			ExecutionOrderSort2 (0ms)
			AwakeInstancesAfterBackupRestoration (24ms)
Platform modules already initialized, skipping
Refreshing native plugins compatible for Editor in 5.90 ms, found 4 plugins.
Preloading 0 native plugins for Editor in 0.00 ms.
Unloading 6413 Unused Serialized files (Serialized files now loaded: 0)
Unloading 57 unused Assets / (3.7 MB). Loaded Objects now: 7332.
Memory consumption went from 285.9 MB to 282.2 MB.
Total: 6.547100 ms (FindLiveObjects: 0.657600 ms CreateObjectMapping: 0.340800 ms MarkObjects: 4.330900 ms  DeleteObjects: 1.216200 ms)

AssetImportParameters requested are different than current active one (requested -> active):
  custom:video-decoder-ogg-theora: a1e56fd34408186e4bbccfd4996cb3dc -> 
  custom:container-muxer-webm: aa71ff27fc2769a1b78a27578f13a17b -> 
  custom:container-demuxer-webm: 4f35f7cbe854078d1ac9338744f61a02 -> 
  custom:video-encoder-webm-vp8: eb34c28f22e8b96e1ab97ce403110664 -> 
  custom:audio-encoder-webm-vorbis: bf7c407c2cedff20999df2af8eb42d56 -> 
  custom:framework-win-MediaFoundation: 216162199b28c13a410421893ffa2e32 -> 
  custom:container-demuxer-ogg: 62fdf1f143b41e24485cea50d1cbac27 -> 
  custom:video-decoder-webm-vp8: 9c59270c3fd7afecdb556c50c9e8de78 -> 
  custom:audio-decoder-ogg-vorbis: bf7c407c2cedff20999df2af8eb42d56 -> 
========================================================================
Received Import Request.
  Time since last request: 110.327056 seconds.
  path: Assets/Scenes/Game.unity
  artifactKey: Guid(2a1c6300cc038f44bb4afc0420e014ca) Importer(815301076,1909f56bfc062723c751e8b465ee728b)
Start importing Assets/Scenes/Game.unity using Guid(2a1c6300cc038f44bb4afc0420e014ca) Importer(815301076,1909f56bfc062723c751e8b465ee728b)  -> (artifact id: '4eb10b187a9adfd2ce419ac7388716e5') in 0.016374 seconds 
========================================================================
Received Import Request.
  Time since last request: 9.983805 seconds.
  path: Assets/Prefabs/Barrel.prefab
  artifactKey: Guid(d64e4646920c2e5498f1c65946cb6386) Importer(815301076,1909f56bfc062723c751e8b465ee728b)
Start importing Assets/Prefabs/Barrel.prefab using Guid(d64e4646920c2e5498f1c65946cb6386) Importer(815301076,1909f56bfc062723c751e8b465ee728b)  -> (artifact id: '06836a1776b575a4b8306f87a9ce1814') in 1.155554 seconds 
========================================================================
Received Import Request.
  Time since last request: 0.000051 seconds.
  path: Assets/Prefabs/Palit.prefab
  artifactKey: Guid(8270cfec390650642a97e63ca43d16b4) Importer(815301076,1909f56bfc062723c751e8b465ee728b)
Start importing Assets/Prefabs/Palit.prefab using Guid(8270cfec390650642a97e63ca43d16b4) Importer(815301076,1909f56bfc062723c751e8b465ee728b)  -> (artifact id: 'd79c8450f6078b2fe9084f7c286e0b6a') in 0.036682 seconds 
========================================================================
Received Import Request.
  Time since last request: 0.000058 seconds.
  path: Assets/Prefabs/Ladder.prefab
  artifactKey: Guid(49181df26c4761f47a08a91135071183) Importer(815301076,1909f56bfc062723c751e8b465ee728b)
Start importing Assets/Prefabs/Ladder.prefab using Guid(49181df26c4761f47a08a91135071183) Importer(815301076,1909f56bfc062723c751e8b465ee728b)  -> (artifact id: '04c2374719c1c20af3ee0cae70859ef3') in 0.032040 seconds 
========================================================================
Received Import Request.
  Time since last request: 0.000063 seconds.
  path: Assets/Prefabs/PlayerObject 1.prefab
  artifactKey: Guid(0b21ffcac68607a48976fb1207780a35) Importer(815301076,1909f56bfc062723c751e8b465ee728b)
Start importing Assets/Prefabs/PlayerObject 1.prefab using Guid(0b21ffcac68607a48976fb1207780a35) Importer(815301076,1909f56bfc062723c751e8b465ee728b)  -> (artifact id: '6f8aa495ea0d37d96d85b3304ead33d7') in 0.055446 seconds 
========================================================================
Received Import Request.
  Time since last request: 0.000048 seconds.
  path: Assets/Prefabs/SandSmallWindow.prefab
  artifactKey: Guid(67fafc15c9903d646ae121fbb541b6f5) Importer(815301076,1909f56bfc062723c751e8b465ee728b)
Start importing Assets/Prefabs/SandSmallWindow.prefab using Guid(67fafc15c9903d646ae121fbb541b6f5) Importer(815301076,1909f56bfc062723c751e8b465ee728b)  -> (artifact id: 'ab873d54ee909ff5dbf8c975313faadd') in 0.035273 seconds 
========================================================================
Received Import Request.
  Time since last request: 0.000050 seconds.
  path: Assets/Prefabs/SandBigDoor.prefab
  artifactKey: Guid(12b211785d867ac429d353c293d4cd47) Importer(815301076,1909f56bfc062723c751e8b465ee728b)
Start importing Assets/Prefabs/SandBigDoor.prefab using Guid(12b211785d867ac429d353c293d4cd47) Importer(815301076,1909f56bfc062723c751e8b465ee728b)  -> (artifact id: '8bb18bb14242d02ed966c4c92f46c1ab') in 0.035987 seconds 
========================================================================
Received Import Request.
  Time since last request: 0.000052 seconds.
  path: Assets/Prefabs/SandWallCorner.prefab
  artifactKey: Guid(3002ce6ce3c2fe440a1b9166c37b5d8e) Importer(815301076,1909f56bfc062723c751e8b465ee728b)
Start importing Assets/Prefabs/SandWallCorner.prefab using Guid(3002ce6ce3c2fe440a1b9166c37b5d8e) Importer(815301076,1909f56bfc062723c751e8b465ee728b)  -> (artifact id: '5b7b51aa330dbafe90365479ff592c58') in 0.031217 seconds 
========================================================================
Received Import Request.
  Time since last request: 24.404898 seconds.
  path: Assets/Prefabs/Ladder.prefab
  artifactKey: Guid(49181df26c4761f47a08a91135071183) Importer(815301076,1909f56bfc062723c751e8b465ee728b)
Start importing Assets/Prefabs/Ladder.prefab using Guid(49181df26c4761f47a08a91135071183) Importer(815301076,1909f56bfc062723c751e8b465ee728b)  -> (artifact id: '0f7ae7a7fb36455ae9332067f3c14ac8') in 0.029737 seconds 
========================================================================
Received Import Request.
  Time since last request: 16.413421 seconds.
  path: Assets/Prefabs/Barrel.prefab
  artifactKey: Guid(d64e4646920c2e5498f1c65946cb6386) Importer(815301076,1909f56bfc062723c751e8b465ee728b)
Start importing Assets/Prefabs/Barrel.prefab using Guid(d64e4646920c2e5498f1c65946cb6386) Importer(815301076,1909f56bfc062723c751e8b465ee728b)  -> (artifact id: '4c76d7fdf92cca368e97503ac3c460e3') in 0.034984 seconds 
========================================================================
Received Import Request.
  Time since last request: 1.832006 seconds.
  path: Assets/Prefabs/Barrel.prefab
  artifactKey: Guid(d64e4646920c2e5498f1c65946cb6386) Importer(815301076,1909f56bfc062723c751e8b465ee728b)
Start importing Assets/Prefabs/Barrel.prefab using Guid(d64e4646920c2e5498f1c65946cb6386) Importer(815301076,1909f56bfc062723c751e8b465ee728b)  -> (artifact id: '603e2ef7ff33827ac920a780f5314fed') in 0.036415 seconds 
========================================================================
Received Import Request.
  Time since last request: 132.854926 seconds.
  path: Assets/Prefabs/SandBigDoor.prefab
  artifactKey: Guid(12b211785d867ac429d353c293d4cd47) Importer(815301076,1909f56bfc062723c751e8b465ee728b)
Start importing Assets/Prefabs/SandBigDoor.prefab using Guid(12b211785d867ac429d353c293d4cd47) Importer(815301076,1909f56bfc062723c751e8b465ee728b)  -> (artifact id: '3cf3c010155f86152a21fc58373d0a23') in 0.056510 seconds 
========================================================================
Received Import Request.
  Time since last request: 0.000055 seconds.
  path: Assets/Prefabs/SandSmallDoor.prefab
  artifactKey: Guid(a1224a624ab2a8944a61f6829224a9a8) Importer(815301076,1909f56bfc062723c751e8b465ee728b)
Start importing Assets/Prefabs/SandSmallDoor.prefab using Guid(a1224a624ab2a8944a61f6829224a9a8) Importer(815301076,1909f56bfc062723c751e8b465ee728b)  -> (artifact id: '0de6bbf102acf598a544adc4c64b9e19') in 0.037109 seconds 
========================================================================
Received Import Request.
  Time since last request: 0.000050 seconds.
  path: Assets/Prefabs/SandSmallWindow.prefab
  artifactKey: Guid(67fafc15c9903d646ae121fbb541b6f5) Importer(815301076,1909f56bfc062723c751e8b465ee728b)
Start importing Assets/Prefabs/SandSmallWindow.prefab using Guid(67fafc15c9903d646ae121fbb541b6f5) Importer(815301076,1909f56bfc062723c751e8b465ee728b)  -> (artifact id: '7b84a138f286262eaac14a706d7d971f') in 0.033093 seconds 
========================================================================
Received Import Request.
  Time since last request: 0.000047 seconds.
  path: Assets/Prefabs/SandWall.prefab
  artifactKey: Guid(9d5b6f81b19c31f4ebcec555e76251bb) Importer(815301076,1909f56bfc062723c751e8b465ee728b)
Start importing Assets/Prefabs/SandWall.prefab using Guid(9d5b6f81b19c31f4ebcec555e76251bb) Importer(815301076,1909f56bfc062723c751e8b465ee728b)  -> (artifact id: 'cf87036a490f622bec115e3c4ba3d000') in 0.032638 seconds 
========================================================================
Received Import Request.
  Time since last request: 0.000052 seconds.
  path: Assets/Prefabs/SandWallCorner.prefab
  artifactKey: Guid(3002ce6ce3c2fe440a1b9166c37b5d8e) Importer(815301076,1909f56bfc062723c751e8b465ee728b)
Start importing Assets/Prefabs/SandWallCorner.prefab using Guid(3002ce6ce3c2fe440a1b9166c37b5d8e) Importer(815301076,1909f56bfc062723c751e8b465ee728b)  -> (artifact id: '89a800123b2531d988f77059c6baf797') in 0.030939 seconds 
========================================================================
Received Import Request.
  Time since last request: 2.170068 seconds.
  path: Assets/Prefabs/SandBigDoor.prefab
  artifactKey: Guid(12b211785d867ac429d353c293d4cd47) Importer(815301076,1909f56bfc062723c751e8b465ee728b)
Start importing Assets/Prefabs/SandBigDoor.prefab using Guid(12b211785d867ac429d353c293d4cd47) Importer(815301076,1909f56bfc062723c751e8b465ee728b)  -> (artifact id: '75e7a7749825e0e26b52543e3f60f74d') in 0.032364 seconds 
========================================================================
Received Import Request.
  Time since last request: 0.000050 seconds.
  path: Assets/Prefabs/SandSmallDoor.prefab
  artifactKey: Guid(a1224a624ab2a8944a61f6829224a9a8) Importer(815301076,1909f56bfc062723c751e8b465ee728b)
Start importing Assets/Prefabs/SandSmallDoor.prefab using Guid(a1224a624ab2a8944a61f6829224a9a8) Importer(815301076,1909f56bfc062723c751e8b465ee728b)  -> (artifact id: 'a42ef7c33bcd87c2a322c3402e7ead39') in 0.033885 seconds 
========================================================================
Received Import Request.
  Time since last request: 0.000053 seconds.
  path: Assets/Prefabs/SandSmallWindow.prefab
  artifactKey: Guid(67fafc15c9903d646ae121fbb541b6f5) Importer(815301076,1909f56bfc062723c751e8b465ee728b)
Start importing Assets/Prefabs/SandSmallWindow.prefab using Guid(67fafc15c9903d646ae121fbb541b6f5) Importer(815301076,1909f56bfc062723c751e8b465ee728b)  -> (artifact id: '7591fabc3d2d97cc40a0b03ad9cbe582') in 0.047324 seconds 
========================================================================
Received Import Request.
  Time since last request: 0.000060 seconds.
  path: Assets/Prefabs/SandBigWindow.prefab
  artifactKey: Guid(86eade248662f524887e8a969e794dc5) Importer(815301076,1909f56bfc062723c751e8b465ee728b)
Start importing Assets/Prefabs/SandBigWindow.prefab using Guid(86eade248662f524887e8a969e794dc5) Importer(815301076,1909f56bfc062723c751e8b465ee728b)  -> (artifact id: 'ce17a67c7dd30d6e04f0abfd53067ae3') in 0.034482 seconds 
========================================================================
Received Import Request.
  Time since last request: 0.000045 seconds.
  path: Assets/Prefabs/SandWall.prefab
  artifactKey: Guid(9d5b6f81b19c31f4ebcec555e76251bb) Importer(815301076,1909f56bfc062723c751e8b465ee728b)
Start importing Assets/Prefabs/SandWall.prefab using Guid(9d5b6f81b19c31f4ebcec555e76251bb) Importer(815301076,1909f56bfc062723c751e8b465ee728b)  -> (artifact id: '66ff8fa67cbe36bf8554c55c1f2d9cb3') in 0.028553 seconds 
========================================================================
Received Import Request.
  Time since last request: 0.000044 seconds.
  path: Assets/Prefabs/SandWallCorner.prefab
  artifactKey: Guid(3002ce6ce3c2fe440a1b9166c37b5d8e) Importer(815301076,1909f56bfc062723c751e8b465ee728b)
Start importing Assets/Prefabs/SandWallCorner.prefab using Guid(3002ce6ce3c2fe440a1b9166c37b5d8e) Importer(815301076,1909f56bfc062723c751e8b465ee728b)  -> (artifact id: '269f6dcca031f6d26ab22a4ef7f4298e') in 0.031213 seconds 
========================================================================
Received Import Request.
  Time since last request: 4.840261 seconds.
  path: Assets/Prefabs/SandBigDoor.prefab
  artifactKey: Guid(12b211785d867ac429d353c293d4cd47) Importer(815301076,1909f56bfc062723c751e8b465ee728b)
Start importing Assets/Prefabs/SandBigDoor.prefab using Guid(12b211785d867ac429d353c293d4cd47) Importer(815301076,1909f56bfc062723c751e8b465ee728b)  -> (artifact id: '86d1dc742765f4ad700eab990abe0ee9') in 0.033411 seconds 
========================================================================
Received Import Request.
  Time since last request: 0.000039 seconds.
  path: Assets/Prefabs/SandSmallWindow.prefab
  artifactKey: Guid(67fafc15c9903d646ae121fbb541b6f5) Importer(815301076,1909f56bfc062723c751e8b465ee728b)
Start importing Assets/Prefabs/SandSmallWindow.prefab using Guid(67fafc15c9903d646ae121fbb541b6f5) Importer(815301076,1909f56bfc062723c751e8b465ee728b)  -> (artifact id: '37a7311ffbb235553dab77f7b30b7086') in 0.030119 seconds 
========================================================================
Received Import Request.
  Time since last request: 0.000070 seconds.
  path: Assets/Prefabs/SandWallCorner.prefab
  artifactKey: Guid(3002ce6ce3c2fe440a1b9166c37b5d8e) Importer(815301076,1909f56bfc062723c751e8b465ee728b)
Start importing Assets/Prefabs/SandWallCorner.prefab using Guid(3002ce6ce3c2fe440a1b9166c37b5d8e) Importer(815301076,1909f56bfc062723c751e8b465ee728b)  -> (artifact id: 'cee46b286cb9f26506683e5fe732d392') in 0.030808 seconds 
========================================================================
Received Prepare
Registering precompiled user dll's ...
Registered in 0.024251 seconds.
Begin MonoManager ReloadAssembly
Symbol file LoadedFromMemory doesn't match image C:\Users\aaron\Documents\GitHub\Multiplayer-Gun-Game\Multiplayer Gun Game\Library\PackageCache\com.unity.visualscripting@1.7.8\Editor\VisualScripting.Core\Dependencies\YamlDotNet\Unity.VisualScripting.YamlDotNet.dll
Symbol file LoadedFromMemory doesn't match image C:\Users\aaron\Documents\GitHub\Multiplayer-Gun-Game\Multiplayer Gun Game\Library\PackageCache\com.unity.visualscripting@1.7.8\Editor\VisualScripting.Core\Dependencies\DotNetZip\Unity.VisualScripting.IonicZip.dll
Native extension for WindowsStandalone target not found
Native extension for WebGL target not found
Refreshing native plugins compatible for Editor in 2.07 ms, found 4 plugins.
Preloading 0 native plugins for Editor in 0.00 ms.
Mono: successfully reloaded assembly
- Completed reload, in  2.516 seconds
Domain Reload Profiling:
	ReloadAssembly (2517ms)
		BeginReloadAssembly (335ms)
			ExecutionOrderSort (0ms)
			DisableScriptedObjects (54ms)
			BackupInstance (0ms)
			ReleaseScriptingObjects (0ms)
			CreateAndSetChildDomain (109ms)
		EndReloadAssembly (1994ms)
			LoadAssemblies (185ms)
			RebuildTransferFunctionScriptingTraits (0ms)
			SetupTypeCache (679ms)
			ReleaseScriptCaches (4ms)
			RebuildScriptCaches (130ms)
			SetupLoadedEditorAssemblies (774ms)
				LogAssemblyErrors (0ms)
				InitializePlatformSupportModulesInManaged (26ms)
				SetLoadedEditorAssemblies (1ms)
				RefreshPlugins (2ms)
				BeforeProcessingInitializeOnLoad (189ms)
				ProcessInitializeOnLoadAttributes (462ms)
				ProcessInitializeOnLoadMethodAttributes (72ms)
				AfterProcessingInitializeOnLoad (21ms)
				EditorAssembliesLoaded (0ms)
			ExecutionOrderSort2 (0ms)
			AwakeInstancesAfterBackupRestoration (28ms)
Platform modules already initialized, skipping
Refreshing native plugins compatible for Editor in 8.38 ms, found 4 plugins.
Preloading 0 native plugins for Editor in 0.00 ms.
Unloading 6412 Unused Serialized files (Serialized files now loaded: 0)
Unloading 57 unused Assets / (3.7 MB). Loaded Objects now: 7441.
Memory consumption went from 286.2 MB to 282.5 MB.
Total: 7.337600 ms (FindLiveObjects: 0.777800 ms CreateObjectMapping: 0.392200 ms MarkObjects: 4.651200 ms  DeleteObjects: 1.514600 ms)

AssetImportParameters requested are different than current active one (requested -> active):
  custom:video-decoder-ogg-theora: a1e56fd34408186e4bbccfd4996cb3dc -> 
  custom:container-muxer-webm: aa71ff27fc2769a1b78a27578f13a17b -> 
  custom:container-demuxer-webm: 4f35f7cbe854078d1ac9338744f61a02 -> 
  custom:video-encoder-webm-vp8: eb34c28f22e8b96e1ab97ce403110664 -> 
  custom:audio-encoder-webm-vorbis: bf7c407c2cedff20999df2af8eb42d56 -> 
  custom:framework-win-MediaFoundation: 216162199b28c13a410421893ffa2e32 -> 
  custom:container-demuxer-ogg: 62fdf1f143b41e24485cea50d1cbac27 -> 
  custom:video-decoder-webm-vp8: 9c59270c3fd7afecdb556c50c9e8de78 -> 
  custom:audio-decoder-ogg-vorbis: bf7c407c2cedff20999df2af8eb42d56 -> 
========================================================================
Received Prepare
Registering precompiled user dll's ...
Registered in 0.022639 seconds.
Begin MonoManager ReloadAssembly
Symbol file LoadedFromMemory doesn't match image C:\Users\aaron\Documents\GitHub\Multiplayer-Gun-Game\Multiplayer Gun Game\Library\PackageCache\com.unity.visualscripting@1.7.8\Editor\VisualScripting.Core\Dependencies\YamlDotNet\Unity.VisualScripting.YamlDotNet.dll
Symbol file LoadedFromMemory doesn't match image C:\Users\aaron\Documents\GitHub\Multiplayer-Gun-Game\Multiplayer Gun Game\Library\PackageCache\com.unity.visualscripting@1.7.8\Editor\VisualScripting.Core\Dependencies\DotNetZip\Unity.VisualScripting.IonicZip.dll
Native extension for WindowsStandalone target not found
Native extension for WebGL target not found
Refreshing native plugins compatible for Editor in 1.78 ms, found 4 plugins.
Preloading 0 native plugins for Editor in 0.00 ms.
Mono: successfully reloaded assembly
- Completed reload, in  2.276 seconds
Domain Reload Profiling:
	ReloadAssembly (2277ms)
		BeginReloadAssembly (261ms)
			ExecutionOrderSort (0ms)
			DisableScriptedObjects (10ms)
			BackupInstance (0ms)
			ReleaseScriptingObjects (0ms)
			CreateAndSetChildDomain (79ms)
		EndReloadAssembly (1812ms)
			LoadAssemblies (189ms)
			RebuildTransferFunctionScriptingTraits (0ms)
			SetupTypeCache (599ms)
			ReleaseScriptCaches (4ms)
			RebuildScriptCaches (115ms)
			SetupLoadedEditorAssemblies (710ms)
				LogAssemblyErrors (0ms)
				InitializePlatformSupportModulesInManaged (24ms)
				SetLoadedEditorAssemblies (1ms)
				RefreshPlugins (2ms)
				BeforeProcessingInitializeOnLoad (168ms)
				ProcessInitializeOnLoadAttributes (433ms)
				ProcessInitializeOnLoadMethodAttributes (64ms)
				AfterProcessingInitializeOnLoad (18ms)
				EditorAssembliesLoaded (0ms)
			ExecutionOrderSort2 (0ms)
			AwakeInstancesAfterBackupRestoration (25ms)
Platform modules already initialized, skipping
Refreshing native plugins compatible for Editor in 6.45 ms, found 4 plugins.
Preloading 0 native plugins for Editor in 0.00 ms.
Unloading 6413 Unused Serialized files (Serialized files now loaded: 0)
Unloading 57 unused Assets / (3.8 MB). Loaded Objects now: 7444.
Memory consumption went from 286.1 MB to 282.4 MB.
Total: 6.771500 ms (FindLiveObjects: 0.675800 ms CreateObjectMapping: 0.363600 ms MarkObjects: 4.447100 ms  DeleteObjects: 1.283600 ms)

AssetImportParameters requested are different than current active one (requested -> active):
  custom:video-decoder-ogg-theora: a1e56fd34408186e4bbccfd4996cb3dc -> 
  custom:container-muxer-webm: aa71ff27fc2769a1b78a27578f13a17b -> 
  custom:container-demuxer-webm: 4f35f7cbe854078d1ac9338744f61a02 -> 
  custom:video-encoder-webm-vp8: eb34c28f22e8b96e1ab97ce403110664 -> 
  custom:audio-encoder-webm-vorbis: bf7c407c2cedff20999df2af8eb42d56 -> 
  custom:framework-win-MediaFoundation: 216162199b28c13a410421893ffa2e32 -> 
  custom:container-demuxer-ogg: 62fdf1f143b41e24485cea50d1cbac27 -> 
  custom:video-decoder-webm-vp8: 9c59270c3fd7afecdb556c50c9e8de78 -> 
  custom:audio-decoder-ogg-vorbis: bf7c407c2cedff20999df2af8eb42d56 -> 
========================================================================
Received Prepare
Registering precompiled user dll's ...
Registered in 0.022398 seconds.
Begin MonoManager ReloadAssembly
Symbol file LoadedFromMemory doesn't match image C:\Users\aaron\Documents\GitHub\Multiplayer-Gun-Game\Multiplayer Gun Game\Library\PackageCache\com.unity.visualscripting@1.7.8\Editor\VisualScripting.Core\Dependencies\YamlDotNet\Unity.VisualScripting.YamlDotNet.dll
Symbol file LoadedFromMemory doesn't match image C:\Users\aaron\Documents\GitHub\Multiplayer-Gun-Game\Multiplayer Gun Game\Library\PackageCache\com.unity.visualscripting@1.7.8\Editor\VisualScripting.Core\Dependencies\DotNetZip\Unity.VisualScripting.IonicZip.dll
Native extension for WindowsStandalone target not found
Native extension for WebGL target not found
Refreshing native plugins compatible for Editor in 1.93 ms, found 4 plugins.
Preloading 0 native plugins for Editor in 0.00 ms.
Mono: successfully reloaded assembly
- Completed reload, in  2.447 seconds
Domain Reload Profiling:
	ReloadAssembly (2448ms)
		BeginReloadAssembly (268ms)
			ExecutionOrderSort (0ms)
			DisableScriptedObjects (9ms)
			BackupInstance (0ms)
			ReleaseScriptingObjects (0ms)
			CreateAndSetChildDomain (82ms)
		EndReloadAssembly (1999ms)
			LoadAssemblies (189ms)
			RebuildTransferFunctionScriptingTraits (0ms)
			SetupTypeCache (679ms)
			ReleaseScriptCaches (4ms)
			RebuildScriptCaches (125ms)
			SetupLoadedEditorAssemblies (778ms)
				LogAssemblyErrors (0ms)
				InitializePlatformSupportModulesInManaged (25ms)
				SetLoadedEditorAssemblies (1ms)
				RefreshPlugins (2ms)
				BeforeProcessingInitializeOnLoad (186ms)
				ProcessInitializeOnLoadAttributes (474ms)
				ProcessInitializeOnLoadMethodAttributes (68ms)
				AfterProcessingInitializeOnLoad (20ms)
				EditorAssembliesLoaded (0ms)
			ExecutionOrderSort2 (0ms)
			AwakeInstancesAfterBackupRestoration (24ms)
Platform modules already initialized, skipping
Refreshing native plugins compatible for Editor in 10.87 ms, found 4 plugins.
Preloading 0 native plugins for Editor in 0.00 ms.
Unloading 6413 Unused Serialized files (Serialized files now loaded: 0)
Unloading 57 unused Assets / (3.7 MB). Loaded Objects now: 7447.
Memory consumption went from 286.1 MB to 282.4 MB.
Total: 6.849300 ms (FindLiveObjects: 0.697900 ms CreateObjectMapping: 0.359800 ms MarkObjects: 4.460400 ms  DeleteObjects: 1.329400 ms)

AssetImportParameters requested are different than current active one (requested -> active):
  custom:video-decoder-ogg-theora: a1e56fd34408186e4bbccfd4996cb3dc -> 
  custom:container-muxer-webm: aa71ff27fc2769a1b78a27578f13a17b -> 
  custom:container-demuxer-webm: 4f35f7cbe854078d1ac9338744f61a02 -> 
  custom:video-encoder-webm-vp8: eb34c28f22e8b96e1ab97ce403110664 -> 
  custom:audio-encoder-webm-vorbis: bf7c407c2cedff20999df2af8eb42d56 -> 
  custom:framework-win-MediaFoundation: 216162199b28c13a410421893ffa2e32 -> 
  custom:container-demuxer-ogg: 62fdf1f143b41e24485cea50d1cbac27 -> 
  custom:video-decoder-webm-vp8: 9c59270c3fd7afecdb556c50c9e8de78 -> 
  custom:audio-decoder-ogg-vorbis: bf7c407c2cedff20999df2af8eb42d56 -> 
========================================================================
Received Prepare
Registering precompiled user dll's ...
Registered in 0.021757 seconds.
Begin MonoManager ReloadAssembly
Symbol file LoadedFromMemory doesn't match image C:\Users\aaron\Documents\GitHub\Multiplayer-Gun-Game\Multiplayer Gun Game\Library\PackageCache\com.unity.visualscripting@1.7.8\Editor\VisualScripting.Core\Dependencies\YamlDotNet\Unity.VisualScripting.YamlDotNet.dll
Symbol file LoadedFromMemory doesn't match image C:\Users\aaron\Documents\GitHub\Multiplayer-Gun-Game\Multiplayer Gun Game\Library\PackageCache\com.unity.visualscripting@1.7.8\Editor\VisualScripting.Core\Dependencies\DotNetZip\Unity.VisualScripting.IonicZip.dll
Native extension for WindowsStandalone target not found
Native extension for WebGL target not found
Refreshing native plugins compatible for Editor in 1.68 ms, found 4 plugins.
Preloading 0 native plugins for Editor in 0.00 ms.
Mono: successfully reloaded assembly
- Completed reload, in  2.300 seconds
Domain Reload Profiling:
	ReloadAssembly (2302ms)
		BeginReloadAssembly (305ms)
			ExecutionOrderSort (0ms)
			DisableScriptedObjects (18ms)
			BackupInstance (0ms)
			ReleaseScriptingObjects (0ms)
			CreateAndSetChildDomain (79ms)
		EndReloadAssembly (1796ms)
			LoadAssemblies (201ms)
			RebuildTransferFunctionScriptingTraits (0ms)
			SetupTypeCache (611ms)
			ReleaseScriptCaches (4ms)
			RebuildScriptCaches (111ms)
			SetupLoadedEditorAssemblies (694ms)
				LogAssemblyErrors (0ms)
				InitializePlatformSupportModulesInManaged (22ms)
				SetLoadedEditorAssemblies (1ms)
				RefreshPlugins (2ms)
				BeforeProcessingInitializeOnLoad (172ms)
				ProcessInitializeOnLoadAttributes (417ms)
				ProcessInitializeOnLoadMethodAttributes (61ms)
				AfterProcessingInitializeOnLoad (19ms)
				EditorAssembliesLoaded (0ms)
			ExecutionOrderSort2 (0ms)
			AwakeInstancesAfterBackupRestoration (27ms)
Platform modules already initialized, skipping
Refreshing native plugins compatible for Editor in 6.13 ms, found 4 plugins.
Preloading 0 native plugins for Editor in 0.00 ms.
Unloading 6413 Unused Serialized files (Serialized files now loaded: 0)
Unloading 57 unused Assets / (3.8 MB). Loaded Objects now: 7450.
Memory consumption went from 286.2 MB to 282.4 MB.
Total: 6.858800 ms (FindLiveObjects: 0.710700 ms CreateObjectMapping: 0.387800 ms MarkObjects: 4.355900 ms  DeleteObjects: 1.402800 ms)

AssetImportParameters requested are different than current active one (requested -> active):
  custom:video-decoder-ogg-theora: a1e56fd34408186e4bbccfd4996cb3dc -> 
  custom:container-muxer-webm: aa71ff27fc2769a1b78a27578f13a17b -> 
  custom:container-demuxer-webm: 4f35f7cbe854078d1ac9338744f61a02 -> 
  custom:video-encoder-webm-vp8: eb34c28f22e8b96e1ab97ce403110664 -> 
  custom:audio-encoder-webm-vorbis: bf7c407c2cedff20999df2af8eb42d56 -> 
  custom:framework-win-MediaFoundation: 216162199b28c13a410421893ffa2e32 -> 
  custom:container-demuxer-ogg: 62fdf1f143b41e24485cea50d1cbac27 -> 
  custom:video-decoder-webm-vp8: 9c59270c3fd7afecdb556c50c9e8de78 -> 
  custom:audio-decoder-ogg-vorbis: bf7c407c2cedff20999df2af8eb42d56 -> 
========================================================================
Received Import Request.
  Time since last request: 401.433232 seconds.
  path: Assets/Prefabs/PlayerObject 1.prefab
  artifactKey: Guid(0b21ffcac68607a48976fb1207780a35) Importer(815301076,1909f56bfc062723c751e8b465ee728b)
Start importing Assets/Prefabs/PlayerObject 1.prefab using Guid(0b21ffcac68607a48976fb1207780a35) Importer(815301076,1909f56bfc062723c751e8b465ee728b)  -> (artifact id: '27e8a42f5b38a271f07a4aa0a5953da2') in 1.028687 seconds 
========================================================================
Received Import Request.
  Time since last request: 13.501645 seconds.
  path: Assets/Prefabs/PlayerObject 1.prefab
  artifactKey: Guid(0b21ffcac68607a48976fb1207780a35) Importer(815301076,1909f56bfc062723c751e8b465ee728b)
Start importing Assets/Prefabs/PlayerObject 1.prefab using Guid(0b21ffcac68607a48976fb1207780a35) Importer(815301076,1909f56bfc062723c751e8b465ee728b)  -> (artifact id: '9a102ddaa13b40f34309eb0f8be981b7') in 0.026830 seconds 
========================================================================
Received Import Request.
  Time since last request: 4.681484 seconds.
  path: Assets/Prefabs/PlayerObject 1.prefab
  artifactKey: Guid(0b21ffcac68607a48976fb1207780a35) Importer(815301076,1909f56bfc062723c751e8b465ee728b)
Start importing Assets/Prefabs/PlayerObject 1.prefab using Guid(0b21ffcac68607a48976fb1207780a35) Importer(815301076,1909f56bfc062723c751e8b465ee728b)  -> (artifact id: '50804859cbb507ce84f42f2db4026361') in 0.025413 seconds 
========================================================================
Received Import Request.
  Time since last request: 3.038645 seconds.
  path: Assets/Prefabs/PlayerObject 1.prefab
  artifactKey: Guid(0b21ffcac68607a48976fb1207780a35) Importer(815301076,1909f56bfc062723c751e8b465ee728b)
Start importing Assets/Prefabs/PlayerObject 1.prefab using Guid(0b21ffcac68607a48976fb1207780a35) Importer(815301076,1909f56bfc062723c751e8b465ee728b)  -> (artifact id: '47023bc9a068677428f045d67c6745c3') in 0.026811 seconds 
========================================================================
Received Prepare
Registering precompiled user dll's ...
Registered in 0.020257 seconds.
Begin MonoManager ReloadAssembly
Symbol file LoadedFromMemory doesn't match image C:\Users\aaron\Documents\GitHub\Multiplayer-Gun-Game\Multiplayer Gun Game\Library\PackageCache\com.unity.visualscripting@1.7.8\Editor\VisualScripting.Core\Dependencies\YamlDotNet\Unity.VisualScripting.YamlDotNet.dll
Symbol file LoadedFromMemory doesn't match image C:\Users\aaron\Documents\GitHub\Multiplayer-Gun-Game\Multiplayer Gun Game\Library\PackageCache\com.unity.visualscripting@1.7.8\Editor\VisualScripting.Core\Dependencies\DotNetZip\Unity.VisualScripting.IonicZip.dll
Native extension for WindowsStandalone target not found
Native extension for WebGL target not found
Refreshing native plugins compatible for Editor in 2.61 ms, found 4 plugins.
Preloading 0 native plugins for Editor in 0.00 ms.
Mono: successfully reloaded assembly
- Completed reload, in  2.541 seconds
Domain Reload Profiling:
	ReloadAssembly (2542ms)
		BeginReloadAssembly (324ms)
			ExecutionOrderSort (0ms)
			DisableScriptedObjects (51ms)
			BackupInstance (0ms)
			ReleaseScriptingObjects (0ms)
			CreateAndSetChildDomain (91ms)
		EndReloadAssembly (2020ms)
			LoadAssemblies (194ms)
			RebuildTransferFunctionScriptingTraits (0ms)
			SetupTypeCache (684ms)
			ReleaseScriptCaches (3ms)
			RebuildScriptCaches (128ms)
			SetupLoadedEditorAssemblies (787ms)
				LogAssemblyErrors (0ms)
				InitializePlatformSupportModulesInManaged (24ms)
				SetLoadedEditorAssemblies (1ms)
				RefreshPlugins (3ms)
				BeforeProcessingInitializeOnLoad (190ms)
				ProcessInitializeOnLoadAttributes (477ms)
				ProcessInitializeOnLoadMethodAttributes (71ms)
				AfterProcessingInitializeOnLoad (21ms)
				EditorAssembliesLoaded (0ms)
			ExecutionOrderSort2 (0ms)
			AwakeInstancesAfterBackupRestoration (30ms)
Platform modules already initialized, skipping
Refreshing native plugins compatible for Editor in 6.62 ms, found 4 plugins.
Preloading 0 native plugins for Editor in 0.00 ms.
Unloading 6412 Unused Serialized files (Serialized files now loaded: 0)
Unloading 57 unused Assets / (3.7 MB). Loaded Objects now: 7558.
Memory consumption went from 286.4 MB to 282.6 MB.
Total: 7.079100 ms (FindLiveObjects: 0.808900 ms CreateObjectMapping: 0.463700 ms MarkObjects: 4.371100 ms  DeleteObjects: 1.433600 ms)

AssetImportParameters requested are different than current active one (requested -> active):
  custom:video-decoder-ogg-theora: a1e56fd34408186e4bbccfd4996cb3dc -> 
  custom:container-muxer-webm: aa71ff27fc2769a1b78a27578f13a17b -> 
  custom:container-demuxer-webm: 4f35f7cbe854078d1ac9338744f61a02 -> 
  custom:video-encoder-webm-vp8: eb34c28f22e8b96e1ab97ce403110664 -> 
  custom:audio-encoder-webm-vorbis: bf7c407c2cedff20999df2af8eb42d56 -> 
  custom:framework-win-MediaFoundation: 216162199b28c13a410421893ffa2e32 -> 
  custom:container-demuxer-ogg: 62fdf1f143b41e24485cea50d1cbac27 -> 
  custom:video-decoder-webm-vp8: 9c59270c3fd7afecdb556c50c9e8de78 -> 
  custom:audio-decoder-ogg-vorbis: bf7c407c2cedff20999df2af8eb42d56 -> 
